{"event":"request","timestamp":1435525060003,"tags":["request","uid"],"data":"55879515b078e4f35eea872a","pid":15814,"id":"1435525059904:Dereks-Air-2.ok.cox.net:15814:ibgyjwwf:10000","method":"get","path":"/saved"}
{"event":"request","timestamp":1435548619298,"tags":["request","uid"],"data":"55879515b078e4f35eea872a","pid":15819,"id":"1435548619174:Dereks-Air-2.ok.cox.net:15819:ibgylp67:10000","method":"get","path":"/posts"}
{"event":"request","timestamp":1435548625500,"tags":["request","uid"],"data":"55879515b078e4f35eea872a","pid":15819,"id":"1435548625492:Dereks-Air-2.ok.cox.net:15819:ibgylp67:10017","method":"get","path":"/account"}
{"event":"request","timestamp":1435548923860,"tags":["request","uid"],"data":"55879515b078e4f35eea872a","pid":15819,"id":"1435548923831:Dereks-Air-2.ok.cox.net:15819:ibgylp67:10026","method":"get","path":"/account"}
{"event":"request","timestamp":1435548927561,"tags":["request","uid"],"data":"55879515b078e4f35eea872a","pid":15819,"id":"1435548927527:Dereks-Air-2.ok.cox.net:15819:ibgylp67:10041","method":"get","path":"/posts"}
{"event":"request","timestamp":1435550605726,"tags":["request","uid"],"data":"55879515b078e4f35eea872a","pid":16166,"id":"1435550605482:Dereks-Air-2.ok.cox.net:16166:ibhdncb0:10000","method":"get","path":"/posts"}
{"event":"request","timestamp":1435550605760,"tags":["request","uid"],"data":"55879515b078e4f35eea872a","pid":16166,"id":"1435550605580:Dereks-Air-2.ok.cox.net:16166:ibhdncb0:10001","method":"get","path":"/admin/posts/558e34e4166fb70005656882"}
{"event":"request","timestamp":1435551408121,"tags":["request","uid"],"data":"55879515b078e4f35eea872a","pid":16230,"id":"1435551407990:Dereks-Air-2.ok.cox.net:16230:ibhe8peu:10000","method":"get","path":"/posts"}
{"event":"request","timestamp":1435551660173,"tags":["request","uid"],"data":"55879515b078e4f35eea872a","pid":16303,"id":"1435551660092:Dereks-Air-2.ok.cox.net:16303:ibhee2ol:10000","method":"get","path":"/posts"}
{"event":"request","timestamp":1435551823116,"tags":["request","uid"],"data":"55879515b078e4f35eea872a","pid":16305,"id":"1435551822974:Dereks-Air-2.ok.cox.net:16305:ibhegbv5:10000","method":"get","path":"/posts"}
{"event":"request","timestamp":1435554030486,"tags":["request","uid"],"data":"55879515b078e4f35eea872a","pid":16540,"id":"1435554030423:Dereks-Air-2.ok.cox.net:16540:ibhfdj2b:10002","method":"get","path":"/posts"}
{"event":"request","timestamp":1435554032763,"tags":["request","uid"],"data":"55879515b078e4f35eea872a","pid":16540,"id":"1435554032735:Dereks-Air-2.ok.cox.net:16540:ibhfdj2b:10020","method":"get","path":"/posts"}
{"event":"request","timestamp":1435554045099,"tags":["request","uid"],"data":"55879515b078e4f35eea872a","pid":16540,"id":"1435554045081:Dereks-Air-2.ok.cox.net:16540:ibhfdj2b:10036","method":"get","path":"/posts"}
{"event":"request","timestamp":1435554046292,"tags":["request","uid"],"data":"55879515b078e4f35eea872a","pid":16540,"id":"1435554046253:Dereks-Air-2.ok.cox.net:16540:ibhfdj2b:10058","method":"get","path":"/saved"}
{"event":"request","timestamp":1435554047851,"tags":["request","uid"],"data":"55879515b078e4f35eea872a","pid":16540,"id":"1435554047843:Dereks-Air-2.ok.cox.net:16540:ibhfdj2b:10069","method":"get","path":"/account"}
{"event":"request","timestamp":1435554070753,"tags":["request","uid"],"data":"55879515b078e4f35eea872a","pid":16540,"id":"1435554070747:Dereks-Air-2.ok.cox.net:16540:ibhfdj2b:10078","method":"get","path":"/account"}
{"event":"request","timestamp":1435554072542,"tags":["request","uid"],"data":"55879515b078e4f35eea872a","pid":16540,"id":"1435554072535:Dereks-Air-2.ok.cox.net:16540:ibhfdj2b:10093","method":"get","path":"/account"}
{"event":"request","timestamp":1435554451958,"tags":["request","uid"],"data":"55879515b078e4f35eea872a","pid":16540,"id":"1435554451951:Dereks-Air-2.ok.cox.net:16540:ibhfdj2b:10108","method":"get","path":"/account"}
{"event":"request","timestamp":1435554526199,"tags":["request","uid"],"data":"55879515b078e4f35eea872a","pid":16540,"id":"1435554526186:Dereks-Air-2.ok.cox.net:16540:ibhfdj2b:10123","method":"get","path":"/account"}
{"event":"request","timestamp":1435624301717,"tags":["request","uid"],"data":"55879515b078e4f35eea872a","pid":16943,"id":"1435624301659:Dereks-Air-2.ok.cox.net:16943:ibilmxp0:10000","method":"get","path":"/test/email"}
{"event":"request","timestamp":1435624302711,"tags":["request","uid"],"data":"55879515b078e4f35eea872a","pid":16943,"id":"1435624302702:Dereks-Air-2.ok.cox.net:16943:ibilmxp0:10002","method":"get","path":"/test/email"}
{"event":"request","timestamp":1435624303516,"tags":["request","uid"],"data":"55879515b078e4f35eea872a","pid":16943,"id":"1435624303508:Dereks-Air-2.ok.cox.net:16943:ibilmxp0:10003","method":"get","path":"/test/email"}
{"event":"request","timestamp":1435627188692,"tags":["request","uid"],"data":"55879515b078e4f35eea872a","pid":16958,"id":"1435627188627:Dereks-Air-2.ok.cox.net:16958:ibilqsaz:10009","method":"get","path":"/account"}
{"event":"request","timestamp":1435627189025,"tags":["request","uid"],"data":"55879515b078e4f35eea872a","pid":16958,"id":"1435627188600:Dereks-Air-2.ok.cox.net:16958:ibilqsaz:10008","method":"get","path":"/admin/posts/558e34e4166fb70005656882"}
{"event":"request","timestamp":1435632659696,"tags":["request","uid"],"data":"55879515b078e4f35eea872a","pid":19311,"id":"1435632659632:Dereks-Air-2.ok.cox.net:19311:ibiqm4ql:10000","method":"get","path":"/account"}
{"event":"request","timestamp":1435632702186,"tags":["request","uid"],"data":"55879515b078e4f35eea872a","pid":19312,"id":"1435632702162:Dereks-Air-2.ok.cox.net:19312:ibiqn3ut:10001","method":"get","path":"/account"}
{"event":"request","timestamp":1435633615312,"tags":["request","uid"],"data":"55879515b078e4f35eea872a","pid":19349,"id":"1435633615233:Dereks-Air-2.ok.cox.net:19349:ibir6bl5:10000","method":"get","path":"/admin/posts/558e34e4166fb70005656882"}
{"event":"request","timestamp":1435633724360,"tags":["request","uid"],"data":"55879515b078e4f35eea872a","pid":19349,"id":"1435633724347:Dereks-Air-2.ok.cox.net:19349:ibir6bl5:10011","method":"get","path":"/account"}
{"event":"request","timestamp":1435633747878,"tags":["request","uid"],"data":"55879515b078e4f35eea872a","pid":19349,"id":"1435633747872:Dereks-Air-2.ok.cox.net:19349:ibir6bl5:10027","method":"get","path":"/account"}
{"event":"request","timestamp":1435634211047,"tags":["request","uid"],"data":"55879515b078e4f35eea872a","pid":19376,"id":"1435634211021:Dereks-Air-2.ok.cox.net:19376:ibirjf9m:10001","method":"get","path":"/account"}
{"event":"request","timestamp":1435634493864,"tags":["request","uid"],"data":"55879515b078e4f35eea872a","pid":19376,"id":"1435634493821:Dereks-Air-2.ok.cox.net:19376:ibirjf9m:10010","method":"get","path":"/posts"}
{"event":"request","timestamp":1435634740406,"tags":["request","uid"],"data":"55879515b078e4f35eea872a","pid":19376,"id":"1435634740385:Dereks-Air-2.ok.cox.net:19376:ibirjf9m:10029","method":"get","path":"/saved"}
{"event":"request","timestamp":1435634744721,"tags":["request","uid"],"data":"55879515b078e4f35eea872a","pid":19376,"id":"1435634744712:Dereks-Air-2.ok.cox.net:19376:ibirjf9m:10038","method":"get","path":"/account"}
{"event":"request","timestamp":1435634747179,"tags":["request","uid"],"data":"55879515b078e4f35eea872a","pid":19376,"id":"1435634747164:Dereks-Air-2.ok.cox.net:19376:ibirjf9m:10047","method":"get","path":"/saved"}
{"event":"request","timestamp":1435634821167,"tags":["request","uid"],"data":"55879515b078e4f35eea872a","pid":19376,"id":"1435634821159:Dereks-Air-2.ok.cox.net:19376:ibirjf9m:10057","method":"get","path":"/account"}
{"event":"request","timestamp":1435638800989,"tags":["request","uid"],"data":"55879515b078e4f35eea872a","pid":19376,"id":"1435638800916:Dereks-Air-2.ok.cox.net:19376:ibirjf9m:10066","method":"get","path":"/posts"}
{"event":"request","timestamp":1435638804379,"tags":["request","uid"],"data":"55879515b078e4f35eea872a","pid":19376,"id":"1435638804363:Dereks-Air-2.ok.cox.net:19376:ibirjf9m:10082","method":"get","path":"/posts/theives-for-life"}
{"event":"request","timestamp":1435640889878,"tags":["request","uid"],"data":"55879515b078e4f35eea872a","pid":19560,"id":"1435640889749:Dereks-Air-2.ok.cox.net:19560:ibivbgrq:10000","method":"get","path":"/posts"}
{"event":"request","timestamp":1435640893849,"tags":["request","uid"],"data":"55879515b078e4f35eea872a","pid":19560,"id":"1435640893826:Dereks-Air-2.ok.cox.net:19560:ibivbgrq:10019","method":"get","path":"/posts"}
{"event":"request","timestamp":1435640895975,"tags":["request","uid"],"data":"55879515b078e4f35eea872a","pid":19560,"id":"1435640895952:Dereks-Air-2.ok.cox.net:19560:ibivbgrq:10040","method":"get","path":"/saved"}
{"event":"request","timestamp":1435640897873,"tags":["request","uid"],"data":"55879515b078e4f35eea872a","pid":19560,"id":"1435640897864:Dereks-Air-2.ok.cox.net:19560:ibivbgrq:10050","method":"get","path":"/account"}
{"event":"request","timestamp":1435640900244,"tags":["request","uid"],"data":"55879515b078e4f35eea872a","pid":19560,"id":"1435640900235:Dereks-Air-2.ok.cox.net:19560:ibivbgrq:10059","method":"get","path":"/account"}
{"event":"request","timestamp":1435640902104,"tags":["request","uid"],"data":"55879515b078e4f35eea872a","pid":19560,"id":"1435640902099:Dereks-Air-2.ok.cox.net:19560:ibivbgrq:10074","method":"get","path":"/account"}
{"event":"request","timestamp":1435640904065,"tags":["request","uid"],"data":"55879515b078e4f35eea872a","pid":19560,"id":"1435640904049:Dereks-Air-2.ok.cox.net:19560:ibivbgrq:10089","method":"get","path":"/account"}
{"event":"request","timestamp":1435641091868,"tags":["request","uid"],"data":"55879515b078e4f35eea872a","pid":19570,"id":"1435641091817:Dereks-Air-2.ok.cox.net:19570:ibivm3j8:10000","method":"get","path":"/account"}
{"event":"request","timestamp":1435641093851,"tags":["request","uid"],"data":"55879515b078e4f35eea872a","pid":19570,"id":"1435641093842:Dereks-Air-2.ok.cox.net:19570:ibivm3j8:10015","method":"get","path":"/account"}
{"event":"request","timestamp":1435641095302,"tags":["request","uid"],"data":"55879515b078e4f35eea872a","pid":19570,"id":"1435641095295:Dereks-Air-2.ok.cox.net:19570:ibivm3j8:10029","method":"get","path":"/account"}
{"event":"request","timestamp":1435641097696,"tags":["request","uid"],"pid":19570,"id":"1435641097695:Dereks-Air-2.ok.cox.net:19570:ibivm3j8:10040","method":"get","path":"/"}
{"event":"request","timestamp":1435641099825,"tags":["request","uid"],"pid":19570,"id":"1435641099820:Dereks-Air-2.ok.cox.net:19570:ibivm3j8:10057","method":"get","path":"/login"}
{"event":"request","timestamp":1435641102385,"tags":["request","uid"],"data":"55879515b078e4f35eea872a","pid":19570,"id":"1435641102355:Dereks-Air-2.ok.cox.net:19570:ibivm3j8:10068","method":"get","path":"/posts"}
{"event":"request","timestamp":1435641102924,"tags":["request","uid"],"data":"55879515b078e4f35eea872a","pid":19570,"id":"1435641102887:Dereks-Air-2.ok.cox.net:19570:ibivm3j8:10082","method":"get","path":"/posts"}
{"event":"request","timestamp":1435641121610,"tags":["request","uid"],"data":"55879515b078e4f35eea872a","pid":19570,"id":"1435641121599:Dereks-Air-2.ok.cox.net:19570:ibivm3j8:10099","method":"get","path":"/admin/posts"}
{"event":"request","timestamp":1435641156481,"tags":["request","uid"],"data":"55879515b078e4f35eea872a","pid":19573,"id":"1435641156398:Dereks-Air-2.ok.cox.net:19573:ibivocst:10000","method":"get","path":"/admin/posts"}
{"event":"request","timestamp":1435641157093,"tags":["request","uid"],"data":"55879515b078e4f35eea872a","pid":19573,"id":"1435641157055:Dereks-Air-2.ok.cox.net:19573:ibivocst:10006","method":"get","path":"/admin/posts"}
{"event":"request","timestamp":1435641161820,"tags":["request","uid"],"data":"55879515b078e4f35eea872a","pid":19573,"id":"1435641161799:Dereks-Air-2.ok.cox.net:19573:ibivocst:10012","method":"get","path":"/admin/posts/558e3559166fb70005656884"}
{"event":"request","timestamp":1435641175893,"tags":["request","uid"],"data":"55879515b078e4f35eea872a","pid":19573,"id":"1435641175874:Dereks-Air-2.ok.cox.net:19573:ibivocst:10022","method":"get","path":"/admin/posts/558e3559166fb70005656884"}
{"event":"request","timestamp":1435641177990,"tags":["request","uid"],"data":"55879515b078e4f35eea872a","pid":19573,"id":"1435641177971:Dereks-Air-2.ok.cox.net:19573:ibivocst:10031","method":"get","path":"/posts"}
{"event":"request","timestamp":1435641188623,"tags":["request","uid"],"data":"55879515b078e4f35eea872a","pid":19573,"id":"1435641188612:Dereks-Air-2.ok.cox.net:19573:ibivocst:10053","method":"get","path":"/preview/V1HFVMjw"}
{"event":"request","timestamp":1435641204818,"tags":["request","uid"],"data":"55879515b078e4f35eea872a","pid":19573,"id":"1435641204796:Dereks-Air-2.ok.cox.net:19573:ibivocst:10063","method":"get","path":"/posts"}
{"event":"request","timestamp":1435641214579,"tags":["request","uid"],"data":"55879515b078e4f35eea872a","pid":19573,"id":"1435641214566:Dereks-Air-2.ok.cox.net:19573:ibivocst:10078","method":"get","path":"/saved"}
{"event":"request","timestamp":1435641267645,"tags":["request","uid"],"data":"55879515b078e4f35eea872a","pid":19580,"id":"1435641267573:Dereks-Air-2.ok.cox.net:19580:ibivqpin:10000","method":"get","path":"/saved"}
{"event":"request","timestamp":1435641269993,"tags":["request","uid"],"data":"55879515b078e4f35eea872a","pid":19580,"id":"1435641269970:Dereks-Air-2.ok.cox.net:19580:ibivqpin:10014","method":"get","path":"/saved"}
{"event":"request","timestamp":1435641275175,"tags":["request","uid"],"data":"55879515b078e4f35eea872a","pid":19580,"id":"1435641275152:Dereks-Air-2.ok.cox.net:19580:ibivqpin:10030","method":"get","path":"/posts"}
{"event":"request","timestamp":1435641284404,"tags":["request","uid"],"data":"55879515b078e4f35eea872a","pid":19580,"id":"1435641284398:Dereks-Air-2.ok.cox.net:19580:ibivqpin:10047","method":"get","path":"/account"}
{"event":"request","timestamp":1435641298166,"tags":["request","uid"],"data":"55879515b078e4f35eea872a","pid":19580,"id":"1435641298141:Dereks-Air-2.ok.cox.net:19580:ibivqpin:10056","method":"get","path":"/posts"}
{"event":"request","timestamp":1435641303286,"tags":["request","uid"],"data":"55879515b078e4f35eea872a","pid":19580,"id":"1435641303271:Dereks-Air-2.ok.cox.net:19580:ibivqpin:10073","method":"get","path":"/posts/3-uses-for-lemon"}
{"event":"request","timestamp":1435641311327,"tags":["request","uid"],"data":"55879515b078e4f35eea872a","pid":19580,"id":"1435641311307:Dereks-Air-2.ok.cox.net:19580:ibivqpin:10083","method":"get","path":"/saved"}
{"event":"request","timestamp":1435642462728,"tags":["request","uid"],"data":"55879515b078e4f35eea872a","pid":19629,"id":"1435642462570:Dereks-Air-2.ok.cox.net:19629:ibiwgb9p:10000","method":"get","path":"/saved"}
{"event":"request","timestamp":1435642467682,"tags":["request","uid"],"data":"55879515b078e4f35eea872a","pid":19629,"id":"1435642467654:Dereks-Air-2.ok.cox.net:19629:ibiwgb9p:10012","method":"get","path":"/posts"}
{"event":"request","timestamp":1435642577885,"tags":["request","uid"],"data":"55879515b078e4f35eea872a","pid":19629,"id":"1435642577864:Dereks-Air-2.ok.cox.net:19629:ibiwgb9p:10014","method":"get","path":"/posts"}
{"event":"request","timestamp":1435642621765,"tags":["request","uid"],"data":"55879515b078e4f35eea872a","pid":19634,"id":"1435642621677:Dereks-Air-2.ok.cox.net:19634:ibiwjq2r:10000","method":"get","path":"/posts"}
{"event":"request","timestamp":1435642700232,"tags":["request","uid"],"data":"55879515b078e4f35eea872a","pid":19639,"id":"1435642700152:Dereks-Air-2.ok.cox.net:19639:ibiwle4a:10000","method":"get","path":"/posts"}
{"event":"request","timestamp":1435642724141,"tags":["request","uid"],"pid":19639,"id":"1435642724138:Dereks-Air-2.ok.cox.net:19639:ibiwle4a:10002","method":"get","path":"/"}
{"event":"request","timestamp":1435642726817,"tags":["request","uid"],"pid":19639,"id":"1435642726816:Dereks-Air-2.ok.cox.net:19639:ibiwle4a:10024","method":"get","path":"/"}
{"event":"request","timestamp":1435642728070,"tags":["request","uid"],"pid":19639,"id":"1435642728069:Dereks-Air-2.ok.cox.net:19639:ibiwle4a:10045","method":"get","path":"/"}
{"event":"request","timestamp":1435642736749,"tags":["request","uid"],"pid":19646,"id":"1435642736720:Dereks-Air-2.ok.cox.net:19646:ibiwm78r:10000","method":"get","path":"/login"}
{"event":"request","timestamp":1435642739819,"tags":["request","uid"],"data":"55879515b078e4f35eea872a","pid":19646,"id":"1435642739784:Dereks-Air-2.ok.cox.net:19646:ibiwm78r:10011","method":"get","path":"/posts"}
{"event":"request","timestamp":1435642894301,"tags":["request","uid"],"data":"55879515b078e4f35eea872a","pid":19659,"id":"1435642894219:Dereks-Air-2.ok.cox.net:19659:ibiwpl3y:10000","method":"get","path":"/posts"}
{"event":"request","timestamp":1435642895095,"tags":["request","uid"],"data":"55879515b078e4f35eea872a","pid":19659,"id":"1435642895073:Dereks-Air-2.ok.cox.net:19659:ibiwpl3y:10014","method":"get","path":"/posts"}
{"event":"request","timestamp":1435642898052,"tags":["request","uid"],"data":"55879515b078e4f35eea872a","pid":19659,"id":"1435642898032:Dereks-Air-2.ok.cox.net:19659:ibiwpl3y:10031","method":"get","path":"/saved"}
{"event":"request","timestamp":1435642900166,"tags":["request","uid"],"data":"55879515b078e4f35eea872a","pid":19659,"id":"1435642900147:Dereks-Air-2.ok.cox.net:19659:ibiwpl3y:10041","method":"get","path":"/posts"}
{"event":"request","timestamp":1435642931181,"tags":["request","uid"],"data":"55879515b078e4f35eea872a","pid":19660,"id":"1435642931103:Dereks-Air-2.ok.cox.net:19660:ibiwq4o5:10000","method":"get","path":"/posts"}
{"event":"request","timestamp":1435642996405,"tags":["request","uid"],"data":"55879515b078e4f35eea872a","pid":19668,"id":"1435642996320:Dereks-Air-2.ok.cox.net:19668:ibiwrqa6:10000","method":"get","path":"/posts"}
{"event":"request","timestamp":1435642999333,"tags":["request","uid"],"data":"55879515b078e4f35eea872a","pid":19668,"id":"1435642999310:Dereks-Air-2.ok.cox.net:19668:ibiwrqa6:10017","method":"get","path":"/saved"}
{"event":"request","timestamp":1435643001641,"tags":["request","uid"],"data":"55879515b078e4f35eea872a","pid":19668,"id":"1435643001621:Dereks-Air-2.ok.cox.net:19668:ibiwrqa6:10027","method":"get","path":"/posts"}
{"event":"request","timestamp":1435643071133,"tags":["request","uid"],"data":"55879515b078e4f35eea872a","pid":19669,"id":"1435643071061:Dereks-Air-2.ok.cox.net:19669:ibiwt4nu:10000","method":"get","path":"/posts"}
{"event":"request","timestamp":1435643073667,"tags":["request","uid"],"data":"55879515b078e4f35eea872a","pid":19669,"id":"1435643073649:Dereks-Air-2.ok.cox.net:19669:ibiwt4nu:10017","method":"get","path":"/posts"}
{"event":"request","timestamp":1435643075603,"tags":["request","uid"],"data":"55879515b078e4f35eea872a","pid":19669,"id":"1435643075577:Dereks-Air-2.ok.cox.net:19669:ibiwt4nu:10035","method":"get","path":"/posts"}
{"event":"request","timestamp":1435643283217,"tags":["request","uid"],"data":"55879515b078e4f35eea872a","pid":19675,"id":"1435643283141:Dereks-Air-2.ok.cox.net:19675:ibiwxmz7:10000","method":"get","path":"/posts"}
{"event":"request","timestamp":1435643285552,"tags":["request","uid"],"data":"55879515b078e4f35eea872a","pid":19675,"id":"1435643285529:Dereks-Air-2.ok.cox.net:19675:ibiwxmz7:10017","method":"get","path":"/posts"}
{"event":"request","timestamp":1435643287542,"tags":["request","uid"],"data":"55879515b078e4f35eea872a","pid":19675,"id":"1435643287499:Dereks-Air-2.ok.cox.net:19675:ibiwxmz7:10032","method":"get","path":"/posts"}
{"event":"request","timestamp":1435643469679,"tags":["request","uid"],"data":"55879515b078e4f35eea872a","pid":19681,"id":"1435643469603:Dereks-Air-2.ok.cox.net:19681:ibix1mhc:10000","method":"get","path":"/posts"}
{"event":"request","timestamp":1435643521404,"tags":["request","uid"],"data":"55879515b078e4f35eea872a","pid":19687,"id":"1435643521301:Dereks-Air-2.ok.cox.net:19687:ibix2znk:10000","method":"get","path":"/posts"}
{"event":"request","timestamp":1435643531298,"tags":["request","uid"],"data":"55879515b078e4f35eea872a","pid":19687,"id":"1435643531277:Dereks-Air-2.ok.cox.net:19687:ibix2znk:10017","method":"get","path":"/posts"}
{"event":"request","timestamp":1435643537017,"tags":["request","uid"],"data":"55879515b078e4f35eea872a","pid":19687,"id":"1435643536996:Dereks-Air-2.ok.cox.net:19687:ibix2znk:10034","method":"get","path":"/posts"}
{"event":"request","timestamp":1435643629205,"tags":["request","uid"],"data":"55879515b078e4f35eea872a","pid":19694,"id":"1435643629082:Dereks-Air-2.ok.cox.net:19694:ibix53yd:10000","method":"get","path":"/posts"}
{"event":"request","timestamp":1435644160658,"tags":["request","uid"],"data":"55879515b078e4f35eea872a","pid":19732,"id":"1435644160578:Dereks-Air-2.ok.cox.net:19732:ibixgnmw:10000","method":"get","path":"/admin/posts/558e3559166fb70005656884"}
{"event":"request","timestamp":1435644162585,"tags":["request","uid"],"data":"55879515b078e4f35eea872a","pid":19732,"id":"1435644162552:Dereks-Air-2.ok.cox.net:19732:ibixgnmw:10013","method":"get","path":"/posts"}
{"event":"request","timestamp":1435644200603,"tags":["request","uid"],"data":"55879515b078e4f35eea872a","pid":19732,"id":"1435644200584:Dereks-Air-2.ok.cox.net:19732:ibixgnmw:10034","method":"get","path":"/preview/4yKHlmiv"}
{"event":"request","timestamp":1435644207669,"tags":["request","uid"],"data":"55879515b078e4f35eea872a","pid":19732,"id":"1435644207643:Dereks-Air-2.ok.cox.net:19732:ibixgnmw:10044","method":"get","path":"/posts"}
{"event":"request","timestamp":1435644242535,"tags":["request","uid"],"data":"55879515b078e4f35eea872a","pid":19740,"id":"1435644242456:Dereks-Air-2.ok.cox.net:19740:ibixi9ji:10000","method":"get","path":"/posts"}
{"event":"request","timestamp":1435644244825,"tags":["request","uid"],"data":"55879515b078e4f35eea872a","pid":19740,"id":"1435644244771:Dereks-Air-2.ok.cox.net:19740:ibixi9ji:10017","method":"get","path":"/posts"}
{"event":"request","timestamp":1435644248518,"tags":["request","uid"],"data":"55879515b078e4f35eea872a","pid":19740,"id":"1435644248499:Dereks-Air-2.ok.cox.net:19740:ibixi9ji:10034","method":"get","path":"/posts"}
{"event":"request","timestamp":1435644547525,"tags":["request","uid"],"data":"55879515b078e4f35eea872a","pid":19752,"id":"1435644547484:Dereks-Air-2.ok.cox.net:19752:ibixp0qp:10000","method":"get","path":"/login"}
{"event":"request","timestamp":1435644549451,"tags":["request","uid"],"data":"55879515b078e4f35eea872a","pid":19752,"id":"1435644549447:Dereks-Air-2.ok.cox.net:19752:ibixp0qp:10016","method":"get","path":"/login"}
{"event":"request","timestamp":1435644550555,"tags":["request","uid"],"data":"55879515b078e4f35eea872a","pid":19752,"id":"1435644550550:Dereks-Air-2.ok.cox.net:19752:ibixp0qp:10030","method":"get","path":"/login"}
{"event":"request","timestamp":1435644570189,"tags":["request","uid"],"data":"55879515b078e4f35eea872a","pid":19757,"id":"1435644570149:Dereks-Air-2.ok.cox.net:19757:ibixphg1:10000","method":"get","path":"/login"}
{"event":"request","timestamp":1435644572248,"tags":["request","uid"],"data":"55879515b078e4f35eea872a","pid":19757,"id":"1435644572241:Dereks-Air-2.ok.cox.net:19757:ibixphg1:10015","method":"get","path":"/login"}
{"event":"request","timestamp":1435644580243,"tags":["request","uid"],"data":"55879515b078e4f35eea872a","pid":19757,"id":"1435644580240:Dereks-Air-2.ok.cox.net:19757:ibixphg1:10032","method":"get","path":"/register"}
{"event":"request","timestamp":1435644639892,"tags":["request","uid"],"data":"55879515b078e4f35eea872a","pid":19763,"id":"1435644639872:Dereks-Air-2.ok.cox.net:19763:ibixqxz7:10001","method":"get","path":"/register"}
{"event":"request","timestamp":1435644840788,"tags":["request","uid"],"data":"55879515b078e4f35eea872a","pid":19774,"id":"1435644840758:Dereks-Air-2.ok.cox.net:19774:ibixv8tj:10000","method":"get","path":"/register"}
{"event":"request","timestamp":1435644844266,"tags":["request","uid"],"data":"559233ab3c0eeb3e4d2c731a","pid":19774,"id":"1435644844261:Dereks-Air-2.ok.cox.net:19774:ibixv8tj:10014","method":"get","path":"/login"}
{"event":"request","timestamp":1435644919909,"tags":["request","uid"],"data":"559233ab3c0eeb3e4d2c731a","pid":19776,"id":"1435644919892:Dereks-Air-2.ok.cox.net:19776:ibixwuto:10008","method":"get","path":"/"}
{"event":"request","timestamp":1435644924231,"tags":["request","uid"],"data":"559233ab3c0eeb3e4d2c731a","pid":19776,"id":"1435644924225:Dereks-Air-2.ok.cox.net:19776:ibixwuto:10029","method":"get","path":"/login"}
{"event":"request","timestamp":1435645031024,"tags":["request","uid"],"data":"559233ab3c0eeb3e4d2c731a","pid":19777,"id":"1435645030959:Dereks-Air-2.ok.cox.net:19777:ibixzbsd:10000","method":"get","path":"/login"}
{"event":"request","timestamp":1435645033807,"tags":["request","uid"],"data":"559233ab3c0eeb3e4d2c731a","pid":19777,"id":"1435645033802:Dereks-Air-2.ok.cox.net:19777:ibixzbsd:10017","method":"get","path":"/register/finish"}
{"event":"request","timestamp":1435645284307,"tags":["request","uid"],"data":"559233ab3c0eeb3e4d2c731a","pid":19785,"id":"1435645284276:Dereks-Air-2.ok.cox.net:19785:ibiy49iu:10002","method":"get","path":"/register/finish"}
{"event":"request","timestamp":1435645298147,"tags":["request","uid"],"data":"559233ab3c0eeb3e4d2c731a","pid":19785,"id":"1435645298142:Dereks-Air-2.ok.cox.net:19785:ibiy49iu:10017","method":"get","path":"/thankyou"}
{"event":"request","timestamp":1435645835021,"tags":["request","uid"],"pid":19798,"id":"1435645835007:Dereks-Air-2.ok.cox.net:19798:ibiyghzm:10003","method":"get","path":"/"}
{"event":"request","timestamp":1435645835384,"tags":["request","uid"],"pid":19798,"id":"1435645835382:Dereks-Air-2.ok.cox.net:19798:ibiyghzm:10005","method":"get","path":"/"}
{"event":"request","timestamp":1435645845857,"tags":["request","uid"],"pid":19798,"id":"1435645845855:Dereks-Air-2.ok.cox.net:19798:ibiyghzm:10029","method":"get","path":"/"}
{"event":"request","timestamp":1435645850629,"tags":["request","uid"],"pid":19798,"id":"1435645850626:Dereks-Air-2.ok.cox.net:19798:ibiyghzm:10058","method":"get","path":"/register"}
{"event":"request","timestamp":1435645854037,"tags":["request","uid"],"data":"5592379dc48c42564d15f27f","pid":19798,"id":"1435645854033:Dereks-Air-2.ok.cox.net:19798:ibiyghzm:10070","method":"get","path":"/login"}
{"event":"request","timestamp":1435645861165,"tags":["request","uid"],"data":"5592379dc48c42564d15f27f","pid":19798,"id":"1435645861161:Dereks-Air-2.ok.cox.net:19798:ibiyghzm:10082","method":"get","path":"/login"}
{"event":"request","timestamp":1435645865339,"tags":["request","uid"],"data":"5592379dc48c42564d15f27f","pid":19798,"id":"1435645865335:Dereks-Air-2.ok.cox.net:19798:ibiyghzm:10094","method":"get","path":"/login"}
{"event":"request","timestamp":1435645878774,"tags":["request","uid"],"pid":19798,"id":"1435645878772:Dereks-Air-2.ok.cox.net:19798:ibiyghzm:10104","method":"get","path":"/"}
{"event":"request","timestamp":1435645886447,"tags":["request","uid"],"pid":19798,"id":"1435645886445:Dereks-Air-2.ok.cox.net:19798:ibiyghzm:10122","method":"get","path":"/register"}
{"event":"request","timestamp":1435645888048,"tags":["request","uid"],"pid":19798,"id":"1435645888041:Dereks-Air-2.ok.cox.net:19798:ibiyghzm:10131","method":"get","path":"/register"}
{"event":"request","timestamp":1435645888921,"tags":["request","uid"],"pid":19798,"id":"1435645888920:Dereks-Air-2.ok.cox.net:19798:ibiyghzm:10142","method":"get","path":"/register"}
{"event":"request","timestamp":1435645917291,"tags":["request","uid"],"data":"5592379dc48c42564d15f27f","pid":19798,"id":"1435645917287:Dereks-Air-2.ok.cox.net:19798:ibiyghzm:10158","method":"get","path":"/login"}
{"event":"request","timestamp":1435645929863,"tags":["request","uid"],"pid":19798,"id":"1435645929862:Dereks-Air-2.ok.cox.net:19798:ibiyghzm:10168","method":"get","path":"/"}
{"event":"request","timestamp":1435645931625,"tags":["request","uid"],"pid":19798,"id":"1435645931624:Dereks-Air-2.ok.cox.net:19798:ibiyghzm:10186","method":"get","path":"/"}
{"event":"request","timestamp":1435645937712,"tags":["request","uid"],"pid":19798,"id":"1435645937710:Dereks-Air-2.ok.cox.net:19798:ibiyghzm:10210","method":"get","path":"/register"}
{"event":"request","timestamp":1435645940935,"tags":["request","uid"],"data":"5592379dc48c42564d15f27f","pid":19798,"id":"1435645940932:Dereks-Air-2.ok.cox.net:19798:ibiyghzm:10224","method":"get","path":"/login"}
{"event":"request","timestamp":1435646071099,"tags":["request","uid"],"pid":19798,"id":"1435646071096:Dereks-Air-2.ok.cox.net:19798:ibiyghzm:10236","method":"get","path":"/login"}
{"event":"request","timestamp":1435646073265,"tags":["request","uid"],"pid":19798,"id":"1435646073263:Dereks-Air-2.ok.cox.net:19798:ibiyghzm:10245","method":"get","path":"/login"}
{"event":"request","timestamp":1435646076037,"tags":["request","uid"],"pid":19798,"id":"1435646076036:Dereks-Air-2.ok.cox.net:19798:ibiyghzm:10255","method":"get","path":"/"}
{"event":"request","timestamp":1435646088098,"tags":["request","uid"],"pid":19798,"id":"1435646088097:Dereks-Air-2.ok.cox.net:19798:ibiyghzm:10273","method":"get","path":"/register"}
{"event":"request","timestamp":1435646093190,"tags":["request","uid"],"data":"5592379dc48c42564d15f27f","pid":19798,"id":"1435646093185:Dereks-Air-2.ok.cox.net:19798:ibiyghzm:10287","method":"get","path":"/login"}
{"event":"request","timestamp":1435646285324,"tags":["request","uid"],"pid":19804,"id":"1435646285297:Dereks-Air-2.ok.cox.net:19804:ibiyn21g:10001","method":"get","path":"/"}
{"event":"request","timestamp":1435646291939,"tags":["request","uid"],"pid":19804,"id":"1435646291935:Dereks-Air-2.ok.cox.net:19804:ibiyn21g:10019","method":"get","path":"/register"}
{"event":"request","timestamp":1435646296250,"tags":["request","uid"],"data":"559239577c7f6f5c4d8ab951","pid":19804,"id":"1435646296245:Dereks-Air-2.ok.cox.net:19804:ibiyn21g:10031","method":"get","path":"/login"}
{"event":"request","timestamp":1435646474078,"tags":["request","uid"],"pid":19818,"id":"1435646474060:Dereks-Air-2.ok.cox.net:19818:ibiyu9kk:10001","method":"get","path":"/"}
{"event":"request","timestamp":1435646488910,"tags":["request","uid"],"pid":19818,"id":"1435646488893:Dereks-Air-2.ok.cox.net:19818:ibiyu9kk:10019","method":"get","path":"/register"}
{"event":"request","timestamp":1435646491930,"tags":["request","uid"],"data":"55923a1b42e9e76a4d914f61","pid":19818,"id":"1435646491924:Dereks-Air-2.ok.cox.net:19818:ibiyu9kk:10030","method":"get","path":"/register/finish"}
{"event":"request","timestamp":1435646568589,"tags":["request","uid"],"data":"55923a1b42e9e76a4d914f61","pid":19823,"id":"1435646568549:Dereks-Air-2.ok.cox.net:19823:ibiyw7d9:10002","method":"get","path":"/register/finish"}
{"event":"request","timestamp":1435646801595,"tags":["request","uid"],"data":"55923a1b42e9e76a4d914f61","pid":19840,"id":"1435646801532:Dereks-Air-2.ok.cox.net:19840:ibiz196c:10000","method":"get","path":"/register/finish"}
{"event":"request","timestamp":1435646814435,"tags":["request","uid"],"data":"55923a1b42e9e76a4d914f61","pid":19840,"id":"1435646814406:Dereks-Air-2.ok.cox.net:19840:ibiz196c:10015","method":"get","path":"/register/finish"}
{"event":"request","timestamp":1435646830629,"tags":["request","uid"],"data":"55923a1b42e9e76a4d914f61","pid":19840,"id":"1435646830624:Dereks-Air-2.ok.cox.net:19840:ibiz196c:10030","method":"get","path":"/thankyou"}
{"event":"request","timestamp":1435646874262,"tags":["request","uid"],"pid":19842,"id":"1435646874236:Dereks-Air-2.ok.cox.net:19842:ibiz2r59:10001","method":"get","path":"/"}
{"event":"request","timestamp":1435646874647,"tags":["request","uid"],"pid":19842,"id":"1435646874645:Dereks-Air-2.ok.cox.net:19842:ibiz2r59:10003","method":"get","path":"/"}
{"event":"request","timestamp":1435646876569,"tags":["request","uid"],"pid":19842,"id":"1435646876563:Dereks-Air-2.ok.cox.net:19842:ibiz2r59:10020","method":"get","path":"/login"}
{"event":"request","timestamp":1435646885070,"tags":["request","uid"],"pid":19842,"id":"1435646885068:Dereks-Air-2.ok.cox.net:19842:ibiz2r59:10030","method":"get","path":"/register"}
{"event":"request","timestamp":1435646888110,"tags":["request","uid"],"data":"55923ba7efc851824d8f0918","pid":19842,"id":"1435646888103:Dereks-Air-2.ok.cox.net:19842:ibiz2r59:10041","method":"get","path":"/register/finish"}
{"event":"request","timestamp":1435646903275,"tags":["request","uid"],"data":"55923ba7efc851824d8f0918","pid":19842,"id":"1435646903271:Dereks-Air-2.ok.cox.net:19842:ibiz2r59:10054","method":"get","path":"/thankyou"}
{"event":"request","timestamp":1435647013223,"tags":["request","uid"],"data":"55923ba7efc851824d8f0918","pid":19852,"id":"1435647013196:Dereks-Air-2.ok.cox.net:19852:ibiz5q4g:10001","method":"get","path":"/login"}
{"event":"request","timestamp":1435647016904,"tags":["request","uid"],"data":"55923ba7efc851824d8f0918","pid":19852,"id":"1435647016901:Dereks-Air-2.ok.cox.net:19852:ibiz5q4g:10017","method":"get","path":"/login"}
{"event":"request","timestamp":1435647020313,"tags":["request","uid"],"data":"55923ba7efc851824d8f0918","pid":19852,"id":"1435647020310:Dereks-Air-2.ok.cox.net:19852:ibiz5q4g:10026","method":"get","path":"/"}
{"event":"request","timestamp":1435647024965,"tags":["request","uid"],"data":"55923ba7efc851824d8f0918","pid":19852,"id":"1435647024963:Dereks-Air-2.ok.cox.net:19852:ibiz5q4g:10043","method":"get","path":"/"}
{"event":"request","timestamp":1435647029977,"tags":["request","uid"],"pid":19852,"id":"1435647029975:Dereks-Air-2.ok.cox.net:19852:ibiz5q4g:10068","method":"get","path":"/"}
{"event":"request","timestamp":1435647036171,"tags":["request","uid"],"pid":19852,"id":"1435647036170:Dereks-Air-2.ok.cox.net:19852:ibiz5q4g:10086","method":"get","path":"/register"}
{"event":"request","timestamp":1435647038966,"tags":["request","uid"],"data":"55923c3ebc5c558c4d1984a9","pid":19852,"id":"1435647038960:Dereks-Air-2.ok.cox.net:19852:ibiz5q4g:10097","method":"get","path":"/register/finish"}
{"event":"request","timestamp":1435647054943,"tags":["request","uid"],"data":"55923c3ebc5c558c4d1984a9","pid":19852,"id":"1435647054939:Dereks-Air-2.ok.cox.net:19852:ibiz5q4g:10110","method":"get","path":"/thankyou"}
{"event":"request","timestamp":1435647060329,"tags":["request","uid"],"data":"55923c3ebc5c558c4d1984a9","pid":19852,"id":"1435647060293:Dereks-Air-2.ok.cox.net:19852:ibiz5q4g:10119","method":"get","path":"/posts"}
{"event":"request","timestamp":1435647063365,"tags":["request","uid"],"data":"55923c3ebc5c558c4d1984a9","pid":19852,"id":"1435647063338:Dereks-Air-2.ok.cox.net:19852:ibiz5q4g:10136","method":"get","path":"/posts"}
{"event":"request","timestamp":1435647073884,"tags":["request","uid"],"data":"55923c3ebc5c558c4d1984a9","pid":19852,"id":"1435647073854:Dereks-Air-2.ok.cox.net:19852:ibiz5q4g:10155","method":"get","path":"/posts"}
{"event":"request","timestamp":1435647151035,"tags":["request","uid"],"data":"55923c3ebc5c558c4d1984a9","pid":19852,"id":"1435647151009:Dereks-Air-2.ok.cox.net:19852:ibiz5q4g:10172","method":"get","path":"/posts"}
{"event":"request","timestamp":1435647152737,"tags":["request","uid"],"data":"55923c3ebc5c558c4d1984a9","pid":19852,"id":"1435647152714:Dereks-Air-2.ok.cox.net:19852:ibiz5q4g:10187","method":"get","path":"/posts"}
{"event":"request","timestamp":1435647155177,"tags":["request","uid"],"data":"55923c3ebc5c558c4d1984a9","pid":19852,"id":"1435647155168:Dereks-Air-2.ok.cox.net:19852:ibiz5q4g:10202","method":"get","path":"/saved"}
{"event":"request","timestamp":1435647157299,"tags":["request","uid"],"data":"55923c3ebc5c558c4d1984a9","pid":19852,"id":"1435647157292:Dereks-Air-2.ok.cox.net:19852:ibiz5q4g:10217","method":"get","path":"/account"}
{"event":"request","timestamp":1435647176041,"tags":["request","uid"],"data":"55923c3ebc5c558c4d1984a9","pid":19852,"id":"1435647176035:Dereks-Air-2.ok.cox.net:19852:ibiz5q4g:10226","method":"get","path":"/saved"}
{"event":"request","timestamp":1435647177033,"tags":["request","uid"],"data":"55923c3ebc5c558c4d1984a9","pid":19852,"id":"1435647177012:Dereks-Air-2.ok.cox.net:19852:ibiz5q4g:10235","method":"get","path":"/posts"}
{"event":"request","timestamp":1435647209759,"tags":["request","uid"],"data":"55923c3ebc5c558c4d1984a9","pid":19852,"id":"1435647209750:Dereks-Air-2.ok.cox.net:19852:ibiz5q4g:10252","method":"get","path":"/preview/N1c-2Qsv"}
{"event":"request","timestamp":1435647212841,"tags":["request","uid"],"data":"55923c3ebc5c558c4d1984a9","pid":19852,"id":"1435647212831:Dereks-Air-2.ok.cox.net:19852:ibiz5q4g:10262","method":"get","path":"/"}
{"event":"request","timestamp":1435647216656,"tags":["request","uid"],"data":"55923c3ebc5c558c4d1984a9","pid":19852,"id":"1435647216622:Dereks-Air-2.ok.cox.net:19852:ibiz5q4g:10280","method":"get","path":"/posts"}
{"event":"request","timestamp":1435647218583,"tags":["request","uid"],"data":"55923c3ebc5c558c4d1984a9","pid":19852,"id":"1435647218565:Dereks-Air-2.ok.cox.net:19852:ibiz5q4g:10295","method":"get","path":"/posts"}
{"event":"request","timestamp":1435647294619,"tags":["request","uid"],"pid":19866,"id":"1435647294600:Dereks-Air-2.ok.cox.net:19866:ibizbwxn:10001","method":"get","path":"/"}
{"event":"request","timestamp":1435647299980,"tags":["request","uid"],"pid":19866,"id":"1435647299977:Dereks-Air-2.ok.cox.net:19866:ibizbwxn:10019","method":"get","path":"/register"}
{"event":"request","timestamp":1435647302837,"tags":["request","uid"],"data":"55923d46c3d7c89a4df3ae9a","pid":19866,"id":"1435647302831:Dereks-Air-2.ok.cox.net:19866:ibizbwxn:10030","method":"get","path":"/register/finish"}
{"event":"request","timestamp":1435647319483,"tags":["request","uid"],"data":"55923d46c3d7c89a4df3ae9a","pid":19866,"id":"1435647319473:Dereks-Air-2.ok.cox.net:19866:ibizbwxn:10043","method":"get","path":"/thankyou"}
{"event":"request","timestamp":1435647322441,"tags":["request","uid"],"data":"55923d46c3d7c89a4df3ae9a","pid":19866,"id":"1435647322404:Dereks-Air-2.ok.cox.net:19866:ibizbwxn:10052","method":"get","path":"/posts"}
